<?xml version="1.0" encoding="UTF-8"?>
<testng-results skipped="0" failed="0" ignored="0" total="2" passed="2">
  <reporter-output>
  </reporter-output>
  <suite name="Suite" duration-ms="48" started-at="2018-09-16T15:13:58Z" finished-at="2018-09-16T15:13:58Z">
    <groups>
    </groups>
    <test name="Test" duration-ms="48" started-at="2018-09-16T15:13:58Z" finished-at="2018-09-16T15:13:58Z">
      <class name="PrintStmt.PrintHello">
        <test-method status="PASS" signature="printHello()[pri:0, instance:PrintStmt.PrintHello@4e04a765]" name="printHello" duration-ms="0" started-at="2018-09-16T15:13:58Z" finished-at="2018-09-16T15:13:58Z">
          <reporter-output>
          </reporter-output>
        </test-method> <!-- printHello -->
      </class> <!-- PrintStmt.PrintHello -->
      <class name="PrintStmt.PrintHi">
        <test-method status="PASS" signature="printHi()[pri:0, instance:PrintStmt.PrintHi@3b81a1bc]" name="printHi" duration-ms="7" started-at="2018-09-16T15:13:58Z" finished-at="2018-09-16T15:13:58Z">
          <reporter-output>
          </reporter-output>
        </test-method> <!-- printHi -->
      </class> <!-- PrintStmt.PrintHi -->
    </test> <!-- Test -->
  </suite> <!-- Suite -->
</testng-results>
