<?xml version="1.0" encoding="UTF-8"?>
<testng-results skipped="0" failed="0" ignored="0" total="2" passed="2">
  <reporter-output>
  </reporter-output>
  <suite name="Suite" duration-ms="30" started-at="2018-09-15T15:13:15Z" finished-at="2018-09-15T15:13:15Z">
    <groups>
    </groups>
    <test name="Test" duration-ms="30" started-at="2018-09-15T15:13:15Z" finished-at="2018-09-15T15:13:15Z">
      <class name="PrintStmt.PrintHello">
        <test-method status="PASS" signature="printHello()[pri:0, instance:PrintStmt.PrintHello@4501b7af]" name="printHello" duration-ms="1" started-at="2018-09-15T15:13:15Z" finished-at="2018-09-15T15:13:15Z">
          <reporter-output>
          </reporter-output>
        </test-method> <!-- printHello -->
      </class> <!-- PrintStmt.PrintHello -->
      <class name="PrintStmt.PrintHi">
        <test-method status="PASS" signature="printHi()[pri:0, instance:PrintStmt.PrintHi@d8355a8]" name="printHi" duration-ms="8" started-at="2018-09-15T15:13:15Z" finished-at="2018-09-15T15:13:15Z">
          <reporter-output>
          </reporter-output>
        </test-method> <!-- printHi -->
      </class> <!-- PrintStmt.PrintHi -->
    </test> <!-- Test -->
  </suite> <!-- Suite -->
</testng-results>
